<?xml version="1.0" encoding="UTF-8" ?>
<testsuite tests="3" failures="0" name="il.ac.technion.cs.sd.book.app.BookScoreInitializerImplTest" time="0.396" errors="0" skipped="0">
  <properties>
    <property name="idea.version" value="2016.3.6"/>
    <property name="java.runtime.name" value="Java(TM) SE Runtime Environment"/>
    <property name="sun.boot.library.path" value="/home/dani9590/Downloads/jdk1.8.0_131/jre/lib/amd64"/>
    <property name="java.vm.version" value="25.131-b11"/>
    <property name="java.vm.vendor" value="Oracle Corporation"/>
    <property name="maven.multiModuleProjectDirectory" value="/home/dani9590/Documents/Technion/Software/HW/2/temp/softwareDesign1"/>
    <property name="java.vendor.url" value="http://java.oracle.com/"/>
    <property name="path.separator" value=":"/>
    <property name="guice.disable.misplaced.annotation.check" value="true"/>
    <property name="java.vm.name" value="Java HotSpot(TM) 64-Bit Server VM"/>
    <property name="file.encoding.pkg" value="sun.io"/>
    <property name="idea.launcher.port" value="7533"/>
    <property name="user.country" value="US"/>
    <property name="sun.java.launcher" value="SUN_STANDARD"/>
    <property name="sun.os.patch.level" value="unknown"/>
    <property name="java.vm.specification.name" value="Java Virtual Machine Specification"/>
    <property name="user.dir" value="/home/dani9590/Documents/Technion/Software/HW/2/temp/softwareDesign1"/>
    <property name="java.runtime.version" value="1.8.0_131-b11"/>
    <property name="java.awt.graphicsenv" value="sun.awt.X11GraphicsEnvironment"/>
    <property name="java.endorsed.dirs" value="/home/dani9590/Downloads/jdk1.8.0_131/jre/lib/endorsed"/>
    <property name="os.arch" value="amd64"/>
    <property name="java.io.tmpdir" value="/tmp"/>
    <property name="line.separator" value="
"/>
    <property name="java.vm.specification.vendor" value="Oracle Corporation"/>
    <property name="os.name" value="Linux"/>
    <property name="classworlds.conf" value="/home/dani9590/idea-IU-163.13906.18/plugins/maven/lib/maven3/bin/m2.conf"/>
    <property name="sun.jnu.encoding" value="UTF-8"/>
    <property name="java.library.path" value="/home/dani9590/idea-IU-163.13906.18/bin::/usr/java/packages/lib/amd64:/usr/lib64:/lib64:/lib:/usr/lib"/>
    <property name="java.specification.name" value="Java Platform API Specification"/>
    <property name="java.class.version" value="52.0"/>
    <property name="sun.management.compiler" value="HotSpot 64-Bit Tiered Compilers"/>
    <property name="os.version" value="4.8.0-52-generic"/>
    <property name="user.home" value="/home/dani9590"/>
    <property name="user.timezone" value="Asia/Jerusalem"/>
    <property name="java.awt.printerjob" value="sun.print.PSPrinterJob"/>
    <property name="java.specification.version" value="1.8"/>
    <property name="idea.launcher.bin.path" value="/home/dani9590/idea-IU-163.13906.18/bin"/>
    <property name="file.encoding" value="UTF-8"/>
    <property name="user.name" value="dani9590"/>
    <property name="java.class.path" value="/home/dani9590/idea-IU-163.13906.18/plugins/maven/lib/maven3/boot/plexus-classworlds-2.5.2.jar:/home/dani9590/idea-IU-163.13906.18/lib/idea_rt.jar"/>
    <property name="java.vm.specification.version" value="1.8"/>
    <property name="sun.arch.data.model" value="64"/>
    <property name="java.home" value="/home/dani9590/Downloads/jdk1.8.0_131/jre"/>
    <property name="sun.java.command" value="com.intellij.rt.execution.application.AppMain org.codehaus.classworlds.Launcher -Didea.version=2016.3.6 test assembly:single"/>
    <property name="java.specification.vendor" value="Oracle Corporation"/>
    <property name="user.language" value="en"/>
    <property name="awt.toolkit" value="sun.awt.X11.XToolkit"/>
    <property name="java.vm.info" value="mixed mode"/>
    <property name="java.version" value="1.8.0_131"/>
    <property name="java.ext.dirs" value="/home/dani9590/Downloads/jdk1.8.0_131/jre/lib/ext:/usr/java/packages/lib/ext"/>
    <property name="securerandom.source" value="file:/dev/./urandom"/>
    <property name="sun.boot.class.path" value="/home/dani9590/Downloads/jdk1.8.0_131/jre/lib/resources.jar:/home/dani9590/Downloads/jdk1.8.0_131/jre/lib/rt.jar:/home/dani9590/Downloads/jdk1.8.0_131/jre/lib/sunrsasign.jar:/home/dani9590/Downloads/jdk1.8.0_131/jre/lib/jsse.jar:/home/dani9590/Downloads/jdk1.8.0_131/jre/lib/jce.jar:/home/dani9590/Downloads/jdk1.8.0_131/jre/lib/charsets.jar:/home/dani9590/Downloads/jdk1.8.0_131/jre/lib/jfr.jar:/home/dani9590/Downloads/jdk1.8.0_131/jre/classes"/>
    <property name="java.vendor" value="Oracle Corporation"/>
    <property name="maven.home" value="/home/dani9590/idea-IU-163.13906.18/plugins/maven/lib/maven3"/>
    <property name="file.separator" value="/"/>
    <property name="java.vendor.url.bug" value="http://bugreport.sun.com/bugreport/"/>
    <property name="sun.cpu.endian" value="little"/>
    <property name="sun.io.unicode.encoding" value="UnicodeLittle"/>
    <property name="sun.desktop" value="gnome"/>
    <property name="sun.cpu.isalist" value=""/>
  </properties>
  <testcase classname="il.ac.technion.cs.sd.book.app.BookScoreInitializerImplTest" name="testParseBasic" time="0.368"/>
  <testcase classname="il.ac.technion.cs.sd.book.app.BookScoreInitializerImplTest" name="testLarge" time="0.015"/>
  <testcase classname="il.ac.technion.cs.sd.book.app.BookScoreInitializerImplTest" name="checkParsingSavesLatest" time="0.013"/>
</testsuite>